<?xml version="1.0" encoding="UTF-8"?>
<!-- Generated by org.testng.reporters.JUnitReportReporter -->
<testsuite skipped="0" hostname="OTSWJLPY633" name="com.TestCases.ProductSelection" tests="1" failures="0" timestamp="2022-05-02T15:52:35 PDT" time="3.840" errors="0">
  <testcase name="launchBrowser" time="3.840" classname="com.TestCases.ProductSelection"/>
  <system-out/>
</testsuite> <!-- com.TestCases.ProductSelection -->
